C:\Program Files\Microsoft Visual Studio\2022\Community\MSBuild\Microsoft\VC\v170\Microsoft.CppBuild.targets(531,5): warning MSB8028: Katalog pośredni (Debug\) zawiera pliki udostępnione z innego projektu (grk-cw3.vcxproj, grk-cw4.vcxproj, grk-cw5.vcxproj, grk-cw6.vcxproj, grk-cw7.vcxproj). Może to spowodować niepoprawne zachowanie podczas oczyszczania i ponownej kompilacji.
  Box.cpp
  Camera.cpp
  main.cpp
C:\Program Files (x86)\Windows Kits\10\Include\10.0.22621.0\shared\minwindef.h(130,1): warning C4005: "APIENTRY": ponowna definicja makra
  (kompilowanie pliku źródłowego „src/main.cpp”)
  C:\Users\tobip\source\repos\grafika\projekt\dependencies\glfw-3.3.8.bin.WIN32\include\GLFW\glfw3.h(123,1):
  zobacz poprzednią definicję „APIENTRY”
  
C:\Users\tobip\source\repos\grafika\projekt\Race\src\race.hpp(68,20): warning C4305: "inicjowanie": obcięcie z "double" do "float"
  (kompilowanie pliku źródłowego „src/main.cpp”)
  
C:\Users\tobip\source\repos\grafika\projekt\Race\src\race.hpp(91,10): warning C4305: "inicjowanie": obcięcie z "double" do "float"
  (kompilowanie pliku źródłowego „src/main.cpp”)
  
C:\Users\tobip\source\repos\grafika\projekt\Race\src\race.hpp(149,13): warning C4244: "inicjowanie": konwersja z "double" do "float", możliwa utrata danych
  (kompilowanie pliku źródłowego „src/main.cpp”)
  
C:\Users\tobip\source\repos\grafika\projekt\Race\src\race.hpp(171,124): warning C4305: "argument": obcięcie z "double" do "T"
C:\Users\tobip\source\repos\grafika\projekt\Race\src\race.hpp(171,124): warning C4305:         with
C:\Users\tobip\source\repos\grafika\projekt\Race\src\race.hpp(171,124): warning C4305:         [
C:\Users\tobip\source\repos\grafika\projekt\Race\src\race.hpp(171,124): warning C4305:             T=float
C:\Users\tobip\source\repos\grafika\projekt\Race\src\race.hpp(171,124): warning C4305:         ]
  (kompilowanie pliku źródłowego „src/main.cpp”)
  
C:\Users\tobip\source\repos\grafika\projekt\Race\src\race.hpp(177,50): warning C4305: "argument": obcięcie z "double" do "T"
C:\Users\tobip\source\repos\grafika\projekt\Race\src\race.hpp(177,50): warning C4305:         with
C:\Users\tobip\source\repos\grafika\projekt\Race\src\race.hpp(177,50): warning C4305:         [
C:\Users\tobip\source\repos\grafika\projekt\Race\src\race.hpp(177,50): warning C4305:             T=float
C:\Users\tobip\source\repos\grafika\projekt\Race\src\race.hpp(177,50): warning C4305:         ]
  (kompilowanie pliku źródłowego „src/main.cpp”)
  
C:\Users\tobip\source\repos\grafika\projekt\Race\src\race.hpp(183,50): warning C4305: "argument": obcięcie z "double" do "T"
C:\Users\tobip\source\repos\grafika\projekt\Race\src\race.hpp(183,50): warning C4305:         with
C:\Users\tobip\source\repos\grafika\projekt\Race\src\race.hpp(183,50): warning C4305:         [
C:\Users\tobip\source\repos\grafika\projekt\Race\src\race.hpp(183,50): warning C4305:             T=float
C:\Users\tobip\source\repos\grafika\projekt\Race\src\race.hpp(183,50): warning C4305:         ]
  (kompilowanie pliku źródłowego „src/main.cpp”)
  
C:\Users\tobip\source\repos\grafika\projekt\Race\src\race.hpp(278,21): warning C4305: "-=": obcięcie z "double" do "float"
  (kompilowanie pliku źródłowego „src/main.cpp”)
  
C:\Users\tobip\source\repos\grafika\projekt\Race\src\race.hpp(280,21): warning C4305: "+=": obcięcie z "double" do "float"
  (kompilowanie pliku źródłowego „src/main.cpp”)
  
  Render_Utils.cpp
  Shader_Loader.cpp
  Texture.cpp
  Generowanie kodu...
  image_DXT.c
  image_helper.c
C:\Users\tobip\source\repos\grafika\projekt\Race\src\SOIL\image_DXT.c(92,9): warning C4996: 'fopen': This function or variable may be unsafe. Consider using fopen_s instead. To disable deprecation, use _CRT_SECURE_NO_WARNINGS. See online help for details.
C:\Users\tobip\source\repos\grafika\projekt\Race\src\SOIL\image_helper.c(325,17): warning C4244: "inicjowanie": konwersja z "double" do "float", możliwa utrata danych
C:\Users\tobip\source\repos\grafika\projekt\Race\src\SOIL\image_helper.c(366,13): warning C4244: "=": konwersja z "double" do "float", możliwa utrata danych
C:\Users\tobip\source\repos\grafika\projekt\Race\src\SOIL\image_helper.c(373,20): warning C4244: "=": konwersja z "float" do "int", możliwa utrata danych
C:\Users\tobip\source\repos\grafika\projekt\Race\src\SOIL\image_helper.c(415,13): warning C4244: "=": konwersja z "double" do "float", możliwa utrata danych
C:\Users\tobip\source\repos\grafika\projekt\Race\src\SOIL\image_helper.c(422,20): warning C4244: "=": konwersja z "float" do "int", możliwa utrata danych
  SOIL.c
C:\Users\tobip\source\repos\grafika\projekt\Race\src\SOIL\SOIL.c(1719,36): warning C4018: "<=": niezgodność typu ze znakiem/bez znaku
C:\Users\tobip\source\repos\grafika\projekt\Race\src\SOIL\SOIL.c(1729,19): warning C4018: "<": niezgodność typu ze znakiem/bez znaku
C:\Users\tobip\source\repos\grafika\projekt\Race\src\SOIL\SOIL.c(1841,6): warning C4996: 'fopen': This function or variable may be unsafe. Consider using fopen_s instead. To disable deprecation, use _CRT_SECURE_NO_WARNINGS. See online help for details.
  stb_image_aug.c
C:\Users\tobip\source\repos\grafika\projekt\Race\src\SOIL\stbi_DDS_aug_c.h(362,19): warning C4018: ">": niezgodność typu ze znakiem/bez znaku
  (kompilowanie pliku źródłowego „src/SOIL/stb_image_aug.c”)
  
C:\Users\tobip\source\repos\grafika\projekt\Race\src\SOIL\stbi_DDS_aug_c.h(366,19): warning C4018: ">": niezgodność typu ze znakiem/bez znaku
  (kompilowanie pliku źródłowego „src/SOIL/stb_image_aug.c”)
  
C:\Users\tobip\source\repos\grafika\projekt\Race\src\SOIL\stbi_DDS_aug_c.h(390,19): warning C4018: "<": niezgodność typu ze znakiem/bez znaku
  (kompilowanie pliku źródłowego „src/SOIL/stb_image_aug.c”)
  
C:\Users\tobip\source\repos\grafika\projekt\Race\src\SOIL\stbi_DDS_aug_c.h(427,19): warning C4018: "<": niezgodność typu ze znakiem/bez znaku
  (kompilowanie pliku źródłowego „src/SOIL/stb_image_aug.c”)
  
  Generowanie kodu...
Box.obj : warning LNK4075: zignorowano opcję „/EDITANDCONTINUE” z powodu określenia opcji „/INCREMENTAL:NO”
LINK : warning LNK4098: domyślna biblioteka „MSVCRT” powoduje konflikt z innymi bibliotekami; użyj opcji /NODEFAULTLIB:biblioteka
  race.vcxproj -> C:\Users\tobip\source\repos\grafika\projekt\Debug\projekt.exe
